#-----------------------------------------------------------
# Vivado v2019.2 (64-bit)
# SW Build 2708876 on Wed Nov  6 21:40:23 MST 2019
# IP Build 2700528 on Thu Nov  7 00:09:20 MST 2019
# Start of session at: Fri Aug  7 12:11:01 2020
# Process ID: 14436
# Current directory: C:/Users/loren/Desktop/ProgettoRetiLogiche2020
# Command line: vivado.exe -gui_launcher_event rodinguilauncherevent9796 C:\Users\loren\Desktop\ProgettoRetiLogiche2020\ProgettoRetiLogiche2020.xpr
# Log file: C:/Users/loren/Desktop/ProgettoRetiLogiche2020/vivado.log
# Journal file: C:/Users/loren/Desktop/ProgettoRetiLogiche2020\vivado.jou
#-----------------------------------------------------------
start_gui
open_project C:/Users/loren/Desktop/ProgettoRetiLogiche2020/ProgettoRetiLogiche2020.xpr
Scanning sources...
Finished scanning sources
INFO: [IP_Flow 19-234] Refreshing IP repositories
INFO: [IP_Flow 19-1704] No user IP repositories specified
INFO: [IP_Flow 19-2313] Loaded Vivado IP repository 'C:/Xilinx/Vivado/2019.2/data/ip'.
open_project: Time (s): cpu = 00:00:15 ; elapsed = 00:00:07 . Memory (MB): peak = 755.199 ; gain = 105.402
update_compile_order -fileset sources_1
update_compile_order -fileset sources_1
set_property source_mgmt_mode All [current_project]
exit
INFO: [Common 17-206] Exiting Vivado at Fri Aug  7 16:31:08 2020...
