Vivado Simulator 2019.2
Time resolution is 1 ps
Stopped at time : 0 fs : File "C:/Users/loren/Desktop/ProgettoRetiLogiche2020/ProgettoRetiLogiche2020.srcs/sources_1/new/10577011.vhd" Line 199
Stopped at time : 0 fs : File "C:/Users/loren/Desktop/ProgettoRetiLogiche2020/ProgettoRetiLogiche2020.srcs/sources_1/new/10577011.vhd" Line 200
Stopped at time : 0 fs : File "C:/Users/loren/Desktop/ProgettoRetiLogiche2020/ProgettoRetiLogiche2020.srcs/sources_1/new/10577011.vhd" Line 201
Stopped at time : 0 fs : File "C:/Users/loren/Desktop/ProgettoRetiLogiche2020/ProgettoRetiLogiche2020.srcs/sources_1/new/10577011.vhd" Line 202
Stopped at time : 0 fs : File "C:/Users/loren/Desktop/ProgettoRetiLogiche2020/ProgettoRetiLogiche2020.srcs/sources_1/new/10577011.vhd" Line 203
Stopped at time : 0 fs : File "C:/Users/loren/Desktop/ProgettoRetiLogiche2020/ProgettoRetiLogiche2020.srcs/sources_1/new/10577011.vhd" Line 173
Stopped at time : 0 fs : File "C:/Users/loren/Desktop/ProgettoRetiLogiche2020/ProgettoRetiLogiche2020.srcs/sources_1/new/10577011.vhd" Line 174
Stopped at time : 0 fs : File "C:/Users/loren/Desktop/ProgettoRetiLogiche2020/ProgettoRetiLogiche2020.srcs/sources_1/new/10577011.vhd" Line 176
Stopped at time : 0 fs : File "C:/Users/loren/Desktop/ProgettoRetiLogiche2020/ProgettoRetiLogiche2020.srcs/sources_1/new/10577011.vhd" Line 164
Stopped at time : 0 fs : File "C:/Users/loren/Desktop/ProgettoRetiLogiche2020/ProgettoRetiLogiche2020.srcs/sources_1/new/10577011.vhd" Line 166
Stopped at time : 0 fs : File "C:/Users/loren/Desktop/ProgettoRetiLogiche2020/ProgettoRetiLogiche2020.srcs/sources_1/new/10577011.vhd" Line 151
Stopped at time : 0 fs : File "C:/Users/loren/Desktop/ProgettoRetiLogiche2020/ProgettoRetiLogiche2020.srcs/sources_1/new/10577011.vhd" Line 148
Stopped at time : 0 fs : File "C:/Users/loren/Desktop/ProgettoRetiLogiche2020/ProgettoRetiLogiche2020.srcs/sources_1/new/10577011.vhd" Line 145
Stopped at time : 0 fs : File "C:/Users/loren/Desktop/ProgettoRetiLogiche2020/ProgettoRetiLogiche2020.srcs/sources_1/new/10577011.vhd" Line 142
Stopped at time : 0 fs : File "C:/Users/loren/Desktop/ProgettoRetiLogiche2020/ProgettoRetiLogiche2020.srcs/sources_1/new/10577011.vhd" Line 139
Stopped at time : 0 fs : File "C:/Users/loren/Desktop/ProgettoRetiLogiche2020/ProgettoRetiLogiche2020.srcs/sources_1/new/10577011.vhd" Line 135
Stopped at time : 0 fs : File "C:/Users/loren/Desktop/ProgettoRetiLogiche2020/ProgettoRetiLogiche2020.srcs/sources_1/new/10577011.vhd" Line 129
Stopped at time : 0 fs : File "C:/Users/loren/Desktop/ProgettoRetiLogiche2020/ProgettoRetiLogiche2020.srcs/sources_1/new/10577011.vhd" Line 120
Stopped at time : 0 fs : File "C:/Users/loren/Desktop/ProgettoRetiLogiche2020/ProgettoRetiLogiche2020.srcs/sources_1/new/10577011.vhd" Line 118
Stopped at time : 0 fs : File "C:/Users/loren/Desktop/ProgettoRetiLogiche2020/ProgettoRetiLogiche2020.srcs/sources_1/new/10577011.vhd" Line 109
Stopped at time : 0 fs : File "C:/Users/loren/Desktop/ProgettoRetiLogiche2020/ProgettoRetiLogiche2020.srcs/sources_1/new/10577011.vhd" Line 111
Stopped at time : 0 fs : File "C:/Users/loren/Desktop/ProgettoRetiLogiche2020/ProgettoRetiLogiche2020.srcs/sources_1/new/10577011.vhd" Line 98
Stopped at time : 0 fs : File "C:/Users/loren/Desktop/ProgettoRetiLogiche2020/ProgettoRetiLogiche2020.srcs/sources_1/new/10577011.vhd" Line 100
Stopped at time : 0 fs : File "C:/Users/loren/Desktop/ProgettoRetiLogiche2020/ProgettoRetiLogiche2020.srcs/sources_1/new/10577011.vhd" Line 87
Stopped at time : 0 fs : File "C:/Users/loren/Desktop/ProgettoRetiLogiche2020/ProgettoRetiLogiche2020.srcs/sources_1/new/10577011.vhd" Line 89
Stopped at time : 0 fs : File "D:/Dati Lorenzo/Università/Progetto Reti Logiche/tb_pfrl_2020_in_wz.vhd" Line 87
Stopped at time : 0 fs : File "D:/Dati Lorenzo/Università/Progetto Reti Logiche/tb_pfrl_2020_in_wz.vhd" Line 72
Stopped at time : 0 fs : File "D:/Dati Lorenzo/Università/Progetto Reti Logiche/tb_pfrl_2020_in_wz.vhd" Line 65
Stopped at time : 0 fs : File "C:/Users/loren/Desktop/ProgettoRetiLogiche2020/ProgettoRetiLogiche2020.srcs/sources_1/new/10577011.vhd" Line 173
Stopped at time : 0 fs : File "C:/Users/loren/Desktop/ProgettoRetiLogiche2020/ProgettoRetiLogiche2020.srcs/sources_1/new/10577011.vhd" Line 174
Stopped at time : 0 fs : File "C:/Users/loren/Desktop/ProgettoRetiLogiche2020/ProgettoRetiLogiche2020.srcs/sources_1/new/10577011.vhd" Line 176
Stopped at time : 0 fs : File "C:/Users/loren/Desktop/ProgettoRetiLogiche2020/ProgettoRetiLogiche2020.srcs/sources_1/new/10577011.vhd" Line 120
Stopped at time : 0 fs : File "C:/Users/loren/Desktop/ProgettoRetiLogiche2020/ProgettoRetiLogiche2020.srcs/sources_1/new/10577011.vhd" Line 129
Stopped at time : 0 fs : File "C:/Users/loren/Desktop/ProgettoRetiLogiche2020/ProgettoRetiLogiche2020.srcs/sources_1/new/10577011.vhd" Line 135
Stopped at time : 0 fs : File "C:/Users/loren/Desktop/ProgettoRetiLogiche2020/ProgettoRetiLogiche2020.srcs/sources_1/new/10577011.vhd" Line 139
Stopped at time : 0 fs : File "C:/Users/loren/Desktop/ProgettoRetiLogiche2020/ProgettoRetiLogiche2020.srcs/sources_1/new/10577011.vhd" Line 142
Stopped at time : 0 fs : File "C:/Users/loren/Desktop/ProgettoRetiLogiche2020/ProgettoRetiLogiche2020.srcs/sources_1/new/10577011.vhd" Line 145
Stopped at time : 0 fs : File "C:/Users/loren/Desktop/ProgettoRetiLogiche2020/ProgettoRetiLogiche2020.srcs/sources_1/new/10577011.vhd" Line 148
Stopped at time : 0 fs : File "C:/Users/loren/Desktop/ProgettoRetiLogiche2020/ProgettoRetiLogiche2020.srcs/sources_1/new/10577011.vhd" Line 151
Stopped at time : 50 ns : File "D:/Dati Lorenzo/Università/Progetto Reti Logiche/tb_pfrl_2020_in_wz.vhd" Line 66
Stopped at time : 50 ns : File "D:/Dati Lorenzo/Università/Progetto Reti Logiche/tb_pfrl_2020_in_wz.vhd" Line 65
Stopped at time : 50 ns : File "C:/Users/loren/Desktop/ProgettoRetiLogiche2020/ProgettoRetiLogiche2020.srcs/sources_1/new/10577011.vhd" Line 87
Stopped at time : 50 ns : File "C:/Users/loren/Desktop/ProgettoRetiLogiche2020/ProgettoRetiLogiche2020.srcs/sources_1/new/10577011.vhd" Line 89
Stopped at time : 50 ns : File "C:/Users/loren/Desktop/ProgettoRetiLogiche2020/ProgettoRetiLogiche2020.srcs/sources_1/new/10577011.vhd" Line 90
Stopped at time : 50 ns : File "C:/Users/loren/Desktop/ProgettoRetiLogiche2020/ProgettoRetiLogiche2020.srcs/sources_1/new/10577011.vhd" Line 98
Stopped at time : 50 ns : File "C:/Users/loren/Desktop/ProgettoRetiLogiche2020/ProgettoRetiLogiche2020.srcs/sources_1/new/10577011.vhd" Line 100
Stopped at time : 50 ns : File "C:/Users/loren/Desktop/ProgettoRetiLogiche2020/ProgettoRetiLogiche2020.srcs/sources_1/new/10577011.vhd" Line 101
Stopped at time : 50 ns : File "C:/Users/loren/Desktop/ProgettoRetiLogiche2020/ProgettoRetiLogiche2020.srcs/sources_1/new/10577011.vhd" Line 109
Stopped at time : 50 ns : File "C:/Users/loren/Desktop/ProgettoRetiLogiche2020/ProgettoRetiLogiche2020.srcs/sources_1/new/10577011.vhd" Line 111
Stopped at time : 50 ns : File "C:/Users/loren/Desktop/ProgettoRetiLogiche2020/ProgettoRetiLogiche2020.srcs/sources_1/new/10577011.vhd" Line 112
Stopped at time : 50 ns : File "C:/Users/loren/Desktop/ProgettoRetiLogiche2020/ProgettoRetiLogiche2020.srcs/sources_1/new/10577011.vhd" Line 164
Stopped at time : 50 ns : File "C:/Users/loren/Desktop/ProgettoRetiLogiche2020/ProgettoRetiLogiche2020.srcs/sources_1/new/10577011.vhd" Line 166
Stopped at time : 50 ns : File "C:/Users/loren/Desktop/ProgettoRetiLogiche2020/ProgettoRetiLogiche2020.srcs/sources_1/new/10577011.vhd" Line 167
Stopped at time : 50 ns : File "D:/Dati Lorenzo/Università/Progetto Reti Logiche/tb_pfrl_2020_in_wz.vhd" Line 72
Stopped at time : 50 ns : File "D:/Dati Lorenzo/Università/Progetto Reti Logiche/tb_pfrl_2020_in_wz.vhd" Line 73
Stopped at time : 100 ns : File "D:/Dati Lorenzo/Università/Progetto Reti Logiche/tb_pfrl_2020_in_wz.vhd" Line 88
Stopped at time : 100 ns : File "D:/Dati Lorenzo/Università/Progetto Reti Logiche/tb_pfrl_2020_in_wz.vhd" Line 66
Stopped at time : 100 ns : File "D:/Dati Lorenzo/Università/Progetto Reti Logiche/tb_pfrl_2020_in_wz.vhd" Line 65
Stopped at time : 100 ns : File "C:/Users/loren/Desktop/ProgettoRetiLogiche2020/ProgettoRetiLogiche2020.srcs/sources_1/new/10577011.vhd" Line 87
Stopped at time : 100 ns : File "C:/Users/loren/Desktop/ProgettoRetiLogiche2020/ProgettoRetiLogiche2020.srcs/sources_1/new/10577011.vhd" Line 89
Stopped at time : 100 ns : File "C:/Users/loren/Desktop/ProgettoRetiLogiche2020/ProgettoRetiLogiche2020.srcs/sources_1/new/10577011.vhd" Line 98
Stopped at time : 100 ns : File "C:/Users/loren/Desktop/ProgettoRetiLogiche2020/ProgettoRetiLogiche2020.srcs/sources_1/new/10577011.vhd" Line 100
Stopped at time : 100 ns : File "C:/Users/loren/Desktop/ProgettoRetiLogiche2020/ProgettoRetiLogiche2020.srcs/sources_1/new/10577011.vhd" Line 109
Stopped at time : 100 ns : File "C:/Users/loren/Desktop/ProgettoRetiLogiche2020/ProgettoRetiLogiche2020.srcs/sources_1/new/10577011.vhd" Line 111
Stopped at time : 100 ns : File "C:/Users/loren/Desktop/ProgettoRetiLogiche2020/ProgettoRetiLogiche2020.srcs/sources_1/new/10577011.vhd" Line 164
Stopped at time : 100 ns : File "C:/Users/loren/Desktop/ProgettoRetiLogiche2020/ProgettoRetiLogiche2020.srcs/sources_1/new/10577011.vhd" Line 166
Stopped at time : 100 ns : File "D:/Dati Lorenzo/Università/Progetto Reti Logiche/tb_pfrl_2020_in_wz.vhd" Line 72
Stopped at time : 150 ns : File "D:/Dati Lorenzo/Università/Progetto Reti Logiche/tb_pfrl_2020_in_wz.vhd" Line 66
Stopped at time : 150 ns : File "D:/Dati Lorenzo/Università/Progetto Reti Logiche/tb_pfrl_2020_in_wz.vhd" Line 65
Stopped at time : 150 ns : File "C:/Users/loren/Desktop/ProgettoRetiLogiche2020/ProgettoRetiLogiche2020.srcs/sources_1/new/10577011.vhd" Line 87
Stopped at time : 150 ns : File "C:/Users/loren/Desktop/ProgettoRetiLogiche2020/ProgettoRetiLogiche2020.srcs/sources_1/new/10577011.vhd" Line 89
Stopped at time : 150 ns : File "C:/Users/loren/Desktop/ProgettoRetiLogiche2020/ProgettoRetiLogiche2020.srcs/sources_1/new/10577011.vhd" Line 90
Stopped at time : 150 ns : File "C:/Users/loren/Desktop/ProgettoRetiLogiche2020/ProgettoRetiLogiche2020.srcs/sources_1/new/10577011.vhd" Line 98
Stopped at time : 150 ns : File "C:/Users/loren/Desktop/ProgettoRetiLogiche2020/ProgettoRetiLogiche2020.srcs/sources_1/new/10577011.vhd" Line 100
Stopped at time : 150 ns : File "C:/Users/loren/Desktop/ProgettoRetiLogiche2020/ProgettoRetiLogiche2020.srcs/sources_1/new/10577011.vhd" Line 101
Stopped at time : 150 ns : File "C:/Users/loren/Desktop/ProgettoRetiLogiche2020/ProgettoRetiLogiche2020.srcs/sources_1/new/10577011.vhd" Line 109
Stopped at time : 150 ns : File "C:/Users/loren/Desktop/ProgettoRetiLogiche2020/ProgettoRetiLogiche2020.srcs/sources_1/new/10577011.vhd" Line 111
Stopped at time : 150 ns : File "C:/Users/loren/Desktop/ProgettoRetiLogiche2020/ProgettoRetiLogiche2020.srcs/sources_1/new/10577011.vhd" Line 112
Stopped at time : 150 ns : File "C:/Users/loren/Desktop/ProgettoRetiLogiche2020/ProgettoRetiLogiche2020.srcs/sources_1/new/10577011.vhd" Line 164
Stopped at time : 150 ns : File "C:/Users/loren/Desktop/ProgettoRetiLogiche2020/ProgettoRetiLogiche2020.srcs/sources_1/new/10577011.vhd" Line 166
Stopped at time : 150 ns : File "C:/Users/loren/Desktop/ProgettoRetiLogiche2020/ProgettoRetiLogiche2020.srcs/sources_1/new/10577011.vhd" Line 167
Stopped at time : 150 ns : File "D:/Dati Lorenzo/Università/Progetto Reti Logiche/tb_pfrl_2020_in_wz.vhd" Line 72
Stopped at time : 150 ns : File "D:/Dati Lorenzo/Università/Progetto Reti Logiche/tb_pfrl_2020_in_wz.vhd" Line 73
Stopped at time : 200 ns : File "D:/Dati Lorenzo/Università/Progetto Reti Logiche/tb_pfrl_2020_in_wz.vhd" Line 89
Stopped at time : 200 ns : File "D:/Dati Lorenzo/Università/Progetto Reti Logiche/tb_pfrl_2020_in_wz.vhd" Line 90
Stopped at time : 200 ns : File "D:/Dati Lorenzo/Università/Progetto Reti Logiche/tb_pfrl_2020_in_wz.vhd" Line 66
Stopped at time : 200 ns : File "D:/Dati Lorenzo/Università/Progetto Reti Logiche/tb_pfrl_2020_in_wz.vhd" Line 65
Stopped at time : 200 ns : File "C:/Users/loren/Desktop/ProgettoRetiLogiche2020/ProgettoRetiLogiche2020.srcs/sources_1/new/10577011.vhd" Line 87
Stopped at time : 200 ns : File "C:/Users/loren/Desktop/ProgettoRetiLogiche2020/ProgettoRetiLogiche2020.srcs/sources_1/new/10577011.vhd" Line 88
Stopped at time : 200 ns : File "C:/Users/loren/Desktop/ProgettoRetiLogiche2020/ProgettoRetiLogiche2020.srcs/sources_1/new/10577011.vhd" Line 98
Stopped at time : 200 ns : File "C:/Users/loren/Desktop/ProgettoRetiLogiche2020/ProgettoRetiLogiche2020.srcs/sources_1/new/10577011.vhd" Line 99
Stopped at time : 200 ns : File "C:/Users/loren/Desktop/ProgettoRetiLogiche2020/ProgettoRetiLogiche2020.srcs/sources_1/new/10577011.vhd" Line 109
Stopped at time : 200 ns : File "C:/Users/loren/Desktop/ProgettoRetiLogiche2020/ProgettoRetiLogiche2020.srcs/sources_1/new/10577011.vhd" Line 110
Stopped at time : 200 ns : File "C:/Users/loren/Desktop/ProgettoRetiLogiche2020/ProgettoRetiLogiche2020.srcs/sources_1/new/10577011.vhd" Line 164
Stopped at time : 200 ns : File "C:/Users/loren/Desktop/ProgettoRetiLogiche2020/ProgettoRetiLogiche2020.srcs/sources_1/new/10577011.vhd" Line 165
Stopped at time : 200 ns : File "D:/Dati Lorenzo/Università/Progetto Reti Logiche/tb_pfrl_2020_in_wz.vhd" Line 72
Stopped at time : 200 ns : File "C:/Users/loren/Desktop/ProgettoRetiLogiche2020/ProgettoRetiLogiche2020.srcs/sources_1/new/10577011.vhd" Line 118
Stopped at time : 200 ns : File "C:/Users/loren/Desktop/ProgettoRetiLogiche2020/ProgettoRetiLogiche2020.srcs/sources_1/new/10577011.vhd" Line 151
Stopped at time : 200 ns : File "C:/Users/loren/Desktop/ProgettoRetiLogiche2020/ProgettoRetiLogiche2020.srcs/sources_1/new/10577011.vhd" Line 120
Stopped at time : 200 ns : File "C:/Users/loren/Desktop/ProgettoRetiLogiche2020/ProgettoRetiLogiche2020.srcs/sources_1/new/10577011.vhd" Line 129
Stopped at time : 200 ns : File "C:/Users/loren/Desktop/ProgettoRetiLogiche2020/ProgettoRetiLogiche2020.srcs/sources_1/new/10577011.vhd" Line 135
Stopped at time : 200 ns : File "C:/Users/loren/Desktop/ProgettoRetiLogiche2020/ProgettoRetiLogiche2020.srcs/sources_1/new/10577011.vhd" Line 139
Stopped at time : 200 ns : File "C:/Users/loren/Desktop/ProgettoRetiLogiche2020/ProgettoRetiLogiche2020.srcs/sources_1/new/10577011.vhd" Line 142
Stopped at time : 200 ns : File "C:/Users/loren/Desktop/ProgettoRetiLogiche2020/ProgettoRetiLogiche2020.srcs/sources_1/new/10577011.vhd" Line 145
Stopped at time : 200 ns : File "C:/Users/loren/Desktop/ProgettoRetiLogiche2020/ProgettoRetiLogiche2020.srcs/sources_1/new/10577011.vhd" Line 148
Stopped at time : 200 ns : File "C:/Users/loren/Desktop/ProgettoRetiLogiche2020/ProgettoRetiLogiche2020.srcs/sources_1/new/10577011.vhd" Line 120
Stopped at time : 200 ns : File "C:/Users/loren/Desktop/ProgettoRetiLogiche2020/ProgettoRetiLogiche2020.srcs/sources_1/new/10577011.vhd" Line 129
Stopped at time : 200 ns : File "C:/Users/loren/Desktop/ProgettoRetiLogiche2020/ProgettoRetiLogiche2020.srcs/sources_1/new/10577011.vhd" Line 135
Stopped at time : 200 ns : File "C:/Users/loren/Desktop/ProgettoRetiLogiche2020/ProgettoRetiLogiche2020.srcs/sources_1/new/10577011.vhd" Line 139
Stopped at time : 200 ns : File "C:/Users/loren/Desktop/ProgettoRetiLogiche2020/ProgettoRetiLogiche2020.srcs/sources_1/new/10577011.vhd" Line 142
Stopped at time : 200 ns : File "C:/Users/loren/Desktop/ProgettoRetiLogiche2020/ProgettoRetiLogiche2020.srcs/sources_1/new/10577011.vhd" Line 145
Stopped at time : 200 ns : File "C:/Users/loren/Desktop/ProgettoRetiLogiche2020/ProgettoRetiLogiche2020.srcs/sources_1/new/10577011.vhd" Line 148
Stopped at time : 200 ns : File "C:/Users/loren/Desktop/ProgettoRetiLogiche2020/ProgettoRetiLogiche2020.srcs/sources_1/new/10577011.vhd" Line 151
Stopped at time : 200 ns : File "C:/Users/loren/Desktop/ProgettoRetiLogiche2020/ProgettoRetiLogiche2020.srcs/sources_1/new/10577011.vhd" Line 173
Stopped at time : 200 ns : File "C:/Users/loren/Desktop/ProgettoRetiLogiche2020/ProgettoRetiLogiche2020.srcs/sources_1/new/10577011.vhd" Line 174
Stopped at time : 200 ns : File "C:/Users/loren/Desktop/ProgettoRetiLogiche2020/ProgettoRetiLogiche2020.srcs/sources_1/new/10577011.vhd" Line 176
Stopped at time : 250 ns : File "D:/Dati Lorenzo/Università/Progetto Reti Logiche/tb_pfrl_2020_in_wz.vhd" Line 66
Stopped at time : 250 ns : File "D:/Dati Lorenzo/Università/Progetto Reti Logiche/tb_pfrl_2020_in_wz.vhd" Line 65
Stopped at time : 250 ns : File "C:/Users/loren/Desktop/ProgettoRetiLogiche2020/ProgettoRetiLogiche2020.srcs/sources_1/new/10577011.vhd" Line 87
Stopped at time : 250 ns : File "C:/Users/loren/Desktop/ProgettoRetiLogiche2020/ProgettoRetiLogiche2020.srcs/sources_1/new/10577011.vhd" Line 88
Stopped at time : 250 ns : File "C:/Users/loren/Desktop/ProgettoRetiLogiche2020/ProgettoRetiLogiche2020.srcs/sources_1/new/10577011.vhd" Line 98
Stopped at time : 250 ns : File "C:/Users/loren/Desktop/ProgettoRetiLogiche2020/ProgettoRetiLogiche2020.srcs/sources_1/new/10577011.vhd" Line 99
Stopped at time : 250 ns : File "C:/Users/loren/Desktop/ProgettoRetiLogiche2020/ProgettoRetiLogiche2020.srcs/sources_1/new/10577011.vhd" Line 109
Stopped at time : 250 ns : File "C:/Users/loren/Desktop/ProgettoRetiLogiche2020/ProgettoRetiLogiche2020.srcs/sources_1/new/10577011.vhd" Line 110
Stopped at time : 250 ns : File "C:/Users/loren/Desktop/ProgettoRetiLogiche2020/ProgettoRetiLogiche2020.srcs/sources_1/new/10577011.vhd" Line 164
Stopped at time : 250 ns : File "C:/Users/loren/Desktop/ProgettoRetiLogiche2020/ProgettoRetiLogiche2020.srcs/sources_1/new/10577011.vhd" Line 165
Stopped at time : 250 ns : File "D:/Dati Lorenzo/Università/Progetto Reti Logiche/tb_pfrl_2020_in_wz.vhd" Line 72
Stopped at time : 250 ns : File "D:/Dati Lorenzo/Università/Progetto Reti Logiche/tb_pfrl_2020_in_wz.vhd" Line 73
Stopped at time : 300 ns : File "D:/Dati Lorenzo/Università/Progetto Reti Logiche/tb_pfrl_2020_in_wz.vhd" Line 91
Stopped at time : 300 ns : File "D:/Dati Lorenzo/Università/Progetto Reti Logiche/tb_pfrl_2020_in_wz.vhd" Line 92
Stopped at time : 300 ns : File "D:/Dati Lorenzo/Università/Progetto Reti Logiche/tb_pfrl_2020_in_wz.vhd" Line 66
Stopped at time : 300 ns : File "D:/Dati Lorenzo/Università/Progetto Reti Logiche/tb_pfrl_2020_in_wz.vhd" Line 65
Stopped at time : 300 ns : File "C:/Users/loren/Desktop/ProgettoRetiLogiche2020/ProgettoRetiLogiche2020.srcs/sources_1/new/10577011.vhd" Line 87
Stopped at time : 300 ns : File "C:/Users/loren/Desktop/ProgettoRetiLogiche2020/ProgettoRetiLogiche2020.srcs/sources_1/new/10577011.vhd" Line 89
Stopped at time : 300 ns : File "C:/Users/loren/Desktop/ProgettoRetiLogiche2020/ProgettoRetiLogiche2020.srcs/sources_1/new/10577011.vhd" Line 98
Stopped at time : 300 ns : File "C:/Users/loren/Desktop/ProgettoRetiLogiche2020/ProgettoRetiLogiche2020.srcs/sources_1/new/10577011.vhd" Line 100
Stopped at time : 300 ns : File "C:/Users/loren/Desktop/ProgettoRetiLogiche2020/ProgettoRetiLogiche2020.srcs/sources_1/new/10577011.vhd" Line 109
Stopped at time : 300 ns : File "C:/Users/loren/Desktop/ProgettoRetiLogiche2020/ProgettoRetiLogiche2020.srcs/sources_1/new/10577011.vhd" Line 111
Stopped at time : 300 ns : File "C:/Users/loren/Desktop/ProgettoRetiLogiche2020/ProgettoRetiLogiche2020.srcs/sources_1/new/10577011.vhd" Line 164
Stopped at time : 300 ns : File "C:/Users/loren/Desktop/ProgettoRetiLogiche2020/ProgettoRetiLogiche2020.srcs/sources_1/new/10577011.vhd" Line 166
Stopped at time : 300 ns : File "D:/Dati Lorenzo/Università/Progetto Reti Logiche/tb_pfrl_2020_in_wz.vhd" Line 72
Stopped at time : 350 ns : File "D:/Dati Lorenzo/Università/Progetto Reti Logiche/tb_pfrl_2020_in_wz.vhd" Line 66
Stopped at time : 350 ns : File "D:/Dati Lorenzo/Università/Progetto Reti Logiche/tb_pfrl_2020_in_wz.vhd" Line 65
Stopped at time : 350 ns : File "C:/Users/loren/Desktop/ProgettoRetiLogiche2020/ProgettoRetiLogiche2020.srcs/sources_1/new/10577011.vhd" Line 87
Stopped at time : 350 ns : File "C:/Users/loren/Desktop/ProgettoRetiLogiche2020/ProgettoRetiLogiche2020.srcs/sources_1/new/10577011.vhd" Line 89
Stopped at time : 350 ns : File "C:/Users/loren/Desktop/ProgettoRetiLogiche2020/ProgettoRetiLogiche2020.srcs/sources_1/new/10577011.vhd" Line 90
Stopped at time : 350 ns : File "C:/Users/loren/Desktop/ProgettoRetiLogiche2020/ProgettoRetiLogiche2020.srcs/sources_1/new/10577011.vhd" Line 98
Stopped at time : 350 ns : File "C:/Users/loren/Desktop/ProgettoRetiLogiche2020/ProgettoRetiLogiche2020.srcs/sources_1/new/10577011.vhd" Line 100
Stopped at time : 350 ns : File "C:/Users/loren/Desktop/ProgettoRetiLogiche2020/ProgettoRetiLogiche2020.srcs/sources_1/new/10577011.vhd" Line 101
Stopped at time : 350 ns : File "C:/Users/loren/Desktop/ProgettoRetiLogiche2020/ProgettoRetiLogiche2020.srcs/sources_1/new/10577011.vhd" Line 109
Stopped at time : 350 ns : File "C:/Users/loren/Desktop/ProgettoRetiLogiche2020/ProgettoRetiLogiche2020.srcs/sources_1/new/10577011.vhd" Line 111
Stopped at time : 350 ns : File "C:/Users/loren/Desktop/ProgettoRetiLogiche2020/ProgettoRetiLogiche2020.srcs/sources_1/new/10577011.vhd" Line 112
Stopped at time : 350 ns : File "C:/Users/loren/Desktop/ProgettoRetiLogiche2020/ProgettoRetiLogiche2020.srcs/sources_1/new/10577011.vhd" Line 164
Stopped at time : 350 ns : File "C:/Users/loren/Desktop/ProgettoRetiLogiche2020/ProgettoRetiLogiche2020.srcs/sources_1/new/10577011.vhd" Line 166
Stopped at time : 350 ns : File "C:/Users/loren/Desktop/ProgettoRetiLogiche2020/ProgettoRetiLogiche2020.srcs/sources_1/new/10577011.vhd" Line 167
Stopped at time : 350 ns : File "D:/Dati Lorenzo/Università/Progetto Reti Logiche/tb_pfrl_2020_in_wz.vhd" Line 72
Stopped at time : 350 ns : File "D:/Dati Lorenzo/Università/Progetto Reti Logiche/tb_pfrl_2020_in_wz.vhd" Line 73
Stopped at time : 400 ns : File "D:/Dati Lorenzo/Università/Progetto Reti Logiche/tb_pfrl_2020_in_wz.vhd" Line 93
Stopped at time : 400 ns : File "D:/Dati Lorenzo/Università/Progetto Reti Logiche/tb_pfrl_2020_in_wz.vhd" Line 94
Stopped at time : 400 ns : File "D:/Dati Lorenzo/Università/Progetto Reti Logiche/tb_pfrl_2020_in_wz.vhd" Line 66
Stopped at time : 400 ns : File "D:/Dati Lorenzo/Università/Progetto Reti Logiche/tb_pfrl_2020_in_wz.vhd" Line 65
Stopped at time : 400 ns : File "C:/Users/loren/Desktop/ProgettoRetiLogiche2020/ProgettoRetiLogiche2020.srcs/sources_1/new/10577011.vhd" Line 173
Stopped at time : 400 ns : File "C:/Users/loren/Desktop/ProgettoRetiLogiche2020/ProgettoRetiLogiche2020.srcs/sources_1/new/10577011.vhd" Line 174
Stopped at time : 400 ns : File "C:/Users/loren/Desktop/ProgettoRetiLogiche2020/ProgettoRetiLogiche2020.srcs/sources_1/new/10577011.vhd" Line 176
Stopped at time : 400 ns : File "C:/Users/loren/Desktop/ProgettoRetiLogiche2020/ProgettoRetiLogiche2020.srcs/sources_1/new/10577011.vhd" Line 177
Stopped at time : 400 ns : File "C:/Users/loren/Desktop/ProgettoRetiLogiche2020/ProgettoRetiLogiche2020.srcs/sources_1/new/10577011.vhd" Line 87
Stopped at time : 400 ns : File "C:/Users/loren/Desktop/ProgettoRetiLogiche2020/ProgettoRetiLogiche2020.srcs/sources_1/new/10577011.vhd" Line 89
Stopped at time : 400 ns : File "C:/Users/loren/Desktop/ProgettoRetiLogiche2020/ProgettoRetiLogiche2020.srcs/sources_1/new/10577011.vhd" Line 98
Stopped at time : 400 ns : File "C:/Users/loren/Desktop/ProgettoRetiLogiche2020/ProgettoRetiLogiche2020.srcs/sources_1/new/10577011.vhd" Line 100
Stopped at time : 400 ns : File "C:/Users/loren/Desktop/ProgettoRetiLogiche2020/ProgettoRetiLogiche2020.srcs/sources_1/new/10577011.vhd" Line 109
Stopped at time : 400 ns : File "C:/Users/loren/Desktop/ProgettoRetiLogiche2020/ProgettoRetiLogiche2020.srcs/sources_1/new/10577011.vhd" Line 111
Stopped at time : 400 ns : File "C:/Users/loren/Desktop/ProgettoRetiLogiche2020/ProgettoRetiLogiche2020.srcs/sources_1/new/10577011.vhd" Line 164
Stopped at time : 400 ns : File "C:/Users/loren/Desktop/ProgettoRetiLogiche2020/ProgettoRetiLogiche2020.srcs/sources_1/new/10577011.vhd" Line 166
Stopped at time : 400 ns : File "D:/Dati Lorenzo/Università/Progetto Reti Logiche/tb_pfrl_2020_in_wz.vhd" Line 72
Stopped at time : 450 ns : File "D:/Dati Lorenzo/Università/Progetto Reti Logiche/tb_pfrl_2020_in_wz.vhd" Line 66
Stopped at time : 450 ns : File "D:/Dati Lorenzo/Università/Progetto Reti Logiche/tb_pfrl_2020_in_wz.vhd" Line 65
Stopped at time : 450 ns : File "C:/Users/loren/Desktop/ProgettoRetiLogiche2020/ProgettoRetiLogiche2020.srcs/sources_1/new/10577011.vhd" Line 87
Stopped at time : 450 ns : File "C:/Users/loren/Desktop/ProgettoRetiLogiche2020/ProgettoRetiL